DrugApplication/app/build/intermediates/manifest_merge_blame_file/debug/manifest-merger-blame-debug-report.txt
1<?xml version="1.0" encoding="utf-8"?>
2<manifest xmlns:android="http://schemas.android.com/apk/res/android"
3    package="com.drug.application"
4    android:versionCode="1"
5    android:versionName="1.0" >
6
7    <uses-sdk
8        android:minSdkVersion="21"
8-->src\main\AndroidManifest.xml
9        android:targetSdkVersion="29" />
9-->src\main\AndroidManifest.xml
10
11    <application
11-->src\main\AndroidManifest.xml:5:5-54:19
12        android:allowBackup="true"
12-->src\main\AndroidManifest.xml:6:9-35
13        android:appComponentFactory="androidx.core.app.CoreComponentFactory"
13-->[androidx.core:core:1.3.2] AndroidManifest.xml:24:18-86
14        android:debuggable="true"
15        android:icon="@mipmap/ic_launcher"
15-->src\main\AndroidManifest.xml:7:9-43
16        android:label="@string/app_name"
16-->src\main\AndroidManifest.xml:8:9-41
17        android:roundIcon="@mipmap/ic_launcher_round"
17-->src\main\AndroidManifest.xml:9:9-54
18        android:supportsRtl="true"
18-->src\main\AndroidManifest.xml:10:9-35
19        android:testOnly="true"
20        android:theme="@style/Theme.DrugApplication" >
20-->src\main\AndroidManifest.xml:11:9-53
21        <activity
21-->src\main\AndroidManifest.xml:12:9-14:39
22            android:name="com.drug.application.activity.DrugStackerActivity"
22-->src\main\AndroidManifest.xml:13:13-57
23            android:exported="true" />
23-->src\main\AndroidManifest.xml:14:13-36
24        <activity
24-->src\main\AndroidManifest.xml:15:9-17:39
25            android:name="com.drug.application.activity.CheckHistoryActivity"
25-->src\main\AndroidManifest.xml:16:13-58
26            android:exported="true" />
26-->src\main\AndroidManifest.xml:17:13-36
27        <activity
27-->src\main\AndroidManifest.xml:18:9-20:39
28            android:name="com.drug.application.activity.AddDrugActivity"
28-->src\main\AndroidManifest.xml:19:13-53
29            android:exported="true" />
29-->src\main\AndroidManifest.xml:20:13-36
30        <activity
30-->src\main\AndroidManifest.xml:21:9-23:39
31            android:name="com.drug.application.activity.DrugInformationActivity"
31-->src\main\AndroidManifest.xml:22:13-61
32            android:exported="true" />
32-->src\main\AndroidManifest.xml:23:13-36
33        <activity
33-->src\main\AndroidManifest.xml:24:9-26:39
34            android:name="com.drug.application.activity.KnoxWDRActivity"
34-->src\main\AndroidManifest.xml:25:13-53
35            android:exported="true" />
35-->src\main\AndroidManifest.xml:26:13-36
36        <activity
36-->src\main\AndroidManifest.xml:27:9-29:39
37            android:name="com.drug.application.activity.EditProfileActivity"
37-->src\main\AndroidManifest.xml:28:13-57
38            android:exported="true" />
38-->src\main\AndroidManifest.xml:29:13-36
39        <activity
39-->src\main\AndroidManifest.xml:30:9-32:39
40            android:name="com.drug.application.activity.AboutActivity"
40-->src\main\AndroidManifest.xml:31:13-51
41            android:exported="true" />
41-->src\main\AndroidManifest.xml:32:13-36
42        <activity
42-->src\main\AndroidManifest.xml:33:9-35:39
43            android:name="com.drug.application.activity.RegisterActivity"
43-->src\main\AndroidManifest.xml:34:13-54
44            android:exported="true" />
44-->src\main\AndroidManifest.xml:35:13-36
45        <activity
45-->src\main\AndroidManifest.xml:36:9-38:39
46            android:name="com.drug.application.activity.LoginActivity"
46-->src\main\AndroidManifest.xml:37:13-51
47            android:exported="true" />
47-->src\main\AndroidManifest.xml:38:13-36
48        <activity
48-->src\main\AndroidManifest.xml:39:9-41:39
49            android:name="com.drug.application.activity.MainActivity"
49-->src\main\AndroidManifest.xml:40:13-50
50            android:exported="true" />
50-->src\main\AndroidManifest.xml:41:13-36
51        <activity
51-->src\main\AndroidManifest.xml:42:9-44:39
52            android:name="com.drug.application.activity.DisclaimerActivity"
52-->src\main\AndroidManifest.xml:43:13-56
53            android:exported="true" />
53-->src\main\AndroidManifest.xml:44:13-36
54        <activity
54-->src\main\AndroidManifest.xml:45:9-53:20
55            android:name="com.drug.application.activity.SplashActivity"
55-->src\main\AndroidManifest.xml:46:13-52
56            android:exported="true" >
56-->src\main\AndroidManifest.xml:47:13-36
57            <intent-filter>
57-->src\main\AndroidManifest.xml:48:13-52:29
58                <action android:name="android.intent.action.MAIN" />
58-->src\main\AndroidManifest.xml:49:17-69
58-->src\main\AndroidManifest.xml:49:25-66
59
60                <category android:name="android.intent.category.LAUNCHER" />
60-->src\main\AndroidManifest.xml:51:17-77
60-->src\main\AndroidManifest.xml:51:27-74
61            </intent-filter>
62        </activity>
63    </application>
64
65</manifest>